<?xml version="1.0" encoding="UTF-8"?>
<testng-results ignored="0" total="10" passed="10" failed="0" skipped="0">
  <reporter-output>
  </reporter-output>
  <suite started-at="2024-08-15T19:44:48 IST" name="Default suite" finished-at="2024-08-15T19:48:45 IST" duration-ms="237444">
    <groups>
      <group name="cucumber">
        <method signature="AbstractTestNGCucumberTests.runScenario(io.cucumber.testng.PickleWrapper,io.cucumber.testng.FeatureWrapper)[pri:0, instance:org.demoBankingApp.runner.Runner@3eb91815]" name="runScenario" class="io.cucumber.testng.AbstractTestNGCucumberTests"/>
      </group> <!-- cucumber -->
    </groups>
    <test started-at="2024-08-15T19:44:48 IST" name="Default test" finished-at="2024-08-15T19:48:45 IST" duration-ms="237444">
      <class name="org.demoBankingApp.runner.Runner">
        <test-method is-config="true" signature="setUpClass(org.testng.ITestContext)[pri:0, instance:org.demoBankingApp.runner.Runner@3eb91815]" started-at="2024-08-15T19:44:48 IST" name="setUpClass" finished-at="2024-08-15T19:44:49 IST" duration-ms="611" status="PASS">
          <params>
            <param index="0">
              <value>
                <![CDATA[org.testng.TestRunner@3d12f065]]>
              </value>
            </param>
          </params>
          <reporter-output>
          </reporter-output>
        </test-method> <!-- setUpClass -->
        <test-method signature="runScenario(io.cucumber.testng.PickleWrapper,io.cucumber.testng.FeatureWrapper)[pri:0, instance:org.demoBankingApp.runner.Runner@3eb91815]" started-at="2024-08-15T19:44:49 IST" name="runScenario" description="Runs Cucumber Scenarios" data-provider="scenarios" finished-at="2024-08-15T19:45:15 IST" duration-ms="25973" status="PASS">
          <params>
            <param index="0">
              <value>
                <![CDATA["set database options"]]>
              </value>
            </param>
            <param index="1">
              <value>
                <![CDATA["register an account"]]>
              </value>
            </param>
          </params>
          <reporter-output>
          </reporter-output>
        </test-method> <!-- runScenario -->
        <test-method signature="runScenario(io.cucumber.testng.PickleWrapper,io.cucumber.testng.FeatureWrapper)[pri:0, instance:org.demoBankingApp.runner.Runner@3eb91815]" started-at="2024-08-15T19:45:15 IST" name="runScenario" description="Runs Cucumber Scenarios" data-provider="scenarios" finished-at="2024-08-15T19:45:39 IST" duration-ms="24399" status="PASS">
          <params>
            <param index="0">
              <value>
                <![CDATA["register to check bank account details"]]>
              </value>
            </param>
            <param index="1">
              <value>
                <![CDATA["register an account"]]>
              </value>
            </param>
          </params>
          <reporter-output>
          </reporter-output>
        </test-method> <!-- runScenario -->
        <test-method signature="runScenario(io.cucumber.testng.PickleWrapper,io.cucumber.testng.FeatureWrapper)[pri:0, instance:org.demoBankingApp.runner.Runner@3eb91815]" started-at="2024-08-15T19:45:39 IST" name="runScenario" description="Runs Cucumber Scenarios" data-provider="scenarios" finished-at="2024-08-15T19:46:01 IST" duration-ms="21433" status="PASS">
          <params>
            <param index="0">
              <value>
                <![CDATA["register to check bank account details"]]>
              </value>
            </param>
            <param index="1">
              <value>
                <![CDATA["register an account"]]>
              </value>
            </param>
          </params>
          <reporter-output>
          </reporter-output>
        </test-method> <!-- runScenario -->
        <test-method signature="runScenario(io.cucumber.testng.PickleWrapper,io.cucumber.testng.FeatureWrapper)[pri:0, instance:org.demoBankingApp.runner.Runner@3eb91815]" started-at="2024-08-15T19:46:01 IST" name="runScenario" description="Runs Cucumber Scenarios" data-provider="scenarios" finished-at="2024-08-15T19:46:22 IST" duration-ms="21141" status="PASS">
          <params>
            <param index="0">
              <value>
                <![CDATA["register to check bank account details"]]>
              </value>
            </param>
            <param index="1">
              <value>
                <![CDATA["register an account"]]>
              </value>
            </param>
          </params>
          <reporter-output>
          </reporter-output>
        </test-method> <!-- runScenario -->
        <test-method signature="runScenario(io.cucumber.testng.PickleWrapper,io.cucumber.testng.FeatureWrapper)[pri:0, instance:org.demoBankingApp.runner.Runner@3eb91815]" started-at="2024-08-15T19:46:22 IST" name="runScenario" description="Runs Cucumber Scenarios" data-provider="scenarios" finished-at="2024-08-15T19:46:40 IST" duration-ms="18613" status="PASS">
          <params>
            <param index="0">
              <value>
                <![CDATA["user opens new account"]]>
              </value>
            </param>
            <param index="1">
              <value>
                <![CDATA["open a new bank account"]]>
              </value>
            </param>
          </params>
          <reporter-output>
          </reporter-output>
        </test-method> <!-- runScenario -->
        <test-method signature="runScenario(io.cucumber.testng.PickleWrapper,io.cucumber.testng.FeatureWrapper)[pri:0, instance:org.demoBankingApp.runner.Runner@3eb91815]" started-at="2024-08-15T19:46:40 IST" name="runScenario" description="Runs Cucumber Scenarios" data-provider="scenarios" finished-at="2024-08-15T19:47:05 IST" duration-ms="24576" status="PASS">
          <params>
            <param index="0">
              <value>
                <![CDATA["user opens new account"]]>
              </value>
            </param>
            <param index="1">
              <value>
                <![CDATA["open a new bank account"]]>
              </value>
            </param>
          </params>
          <reporter-output>
          </reporter-output>
        </test-method> <!-- runScenario -->
        <test-method signature="runScenario(io.cucumber.testng.PickleWrapper,io.cucumber.testng.FeatureWrapper)[pri:0, instance:org.demoBankingApp.runner.Runner@3eb91815]" started-at="2024-08-15T19:47:05 IST" name="runScenario" description="Runs Cucumber Scenarios" data-provider="scenarios" finished-at="2024-08-15T19:47:23 IST" duration-ms="18345" status="PASS">
          <params>
            <param index="0">
              <value>
                <![CDATA["user checks balance in all accounts"]]>
              </value>
            </param>
            <param index="1">
              <value>
                <![CDATA["check all accounts and its details"]]>
              </value>
            </param>
          </params>
          <reporter-output>
          </reporter-output>
        </test-method> <!-- runScenario -->
        <test-method signature="runScenario(io.cucumber.testng.PickleWrapper,io.cucumber.testng.FeatureWrapper)[pri:0, instance:org.demoBankingApp.runner.Runner@3eb91815]" started-at="2024-08-15T19:47:23 IST" name="runScenario" description="Runs Cucumber Scenarios" data-provider="scenarios" finished-at="2024-08-15T19:47:46 IST" duration-ms="22814" status="PASS">
          <params>
            <param index="0">
              <value>
                <![CDATA["user pays bill from account"]]>
              </value>
            </param>
            <param index="1">
              <value>
                <![CDATA["paying a bill from account"]]>
              </value>
            </param>
          </params>
          <reporter-output>
          </reporter-output>
        </test-method> <!-- runScenario -->
        <test-method signature="runScenario(io.cucumber.testng.PickleWrapper,io.cucumber.testng.FeatureWrapper)[pri:0, instance:org.demoBankingApp.runner.Runner@3eb91815]" started-at="2024-08-15T19:47:46 IST" name="runScenario" description="Runs Cucumber Scenarios" data-provider="scenarios" finished-at="2024-08-15T19:48:13 IST" duration-ms="27058" status="PASS">
          <params>
            <param index="0">
              <value>
                <![CDATA["money transaction"]]>
              </value>
            </param>
            <param index="1">
              <value>
                <![CDATA["transfer money from account to account"]]>
              </value>
            </param>
          </params>
          <reporter-output>
          </reporter-output>
        </test-method> <!-- runScenario -->
        <test-method signature="runScenario(io.cucumber.testng.PickleWrapper,io.cucumber.testng.FeatureWrapper)[pri:0, instance:org.demoBankingApp.runner.Runner@3eb91815]" started-at="2024-08-15T19:48:13 IST" name="runScenario" description="Runs Cucumber Scenarios" data-provider="scenarios" finished-at="2024-08-15T19:48:45 IST" duration-ms="31709" status="PASS">
          <params>
            <param index="0">
              <value>
                <![CDATA["find account transactions"]]>
              </value>
            </param>
            <param index="1">
              <value>
                <![CDATA["transfer money from account to account"]]>
              </value>
            </param>
          </params>
          <reporter-output>
          </reporter-output>
        </test-method> <!-- runScenario -->
        <test-method is-config="true" signature="tearDownClass()[pri:0, instance:org.demoBankingApp.runner.Runner@3eb91815]" started-at="2024-08-15T19:48:45 IST" name="tearDownClass" finished-at="2024-08-15T19:48:45 IST" duration-ms="526" status="PASS">
          <reporter-output>
          </reporter-output>
        </test-method> <!-- tearDownClass -->
      </class> <!-- org.demoBankingApp.runner.Runner -->
    </test> <!-- Default test -->
  </suite> <!-- Default suite -->
</testng-results>
